----------------------------------------------------

r7210Ɋ܂܂ΏێY
@/99999ʎY/Plum/Plum/Forms/01/18/F0118020.aspx.cs
----------------------------------------------------


12217šʎY
@ʎYȂ


14100lšʎY
@ʎYȂ


14201{šʎY
@ʎYȂ


18201šʎY
@ʎYȂ


27215QšʎY
@ʎYȂ


28000Ɍ̌ʎY
@ʎYȂ


28100_ˎšʎY
@ʎYȂ


28203ΎšʎY
@ʎYȂ


28204{šʎY
@ʎYȂ


30201a̎RšʎY
@ʎYȂ


33202q~šʎY
@ʎYȂ

----------------------------------------------------

r7212Ɋ܂܂ΏێY
@/99999ʎY/Batch/F0999010/F0999010/Forms/00/99/F0999010.cs
@/99999ʎY/Batch/F0999010/F0999010/obj/Debug/F0999010.exe
@/99999ʎY/Batch/F0999010/F0999010/obj/Debug/F0999010.pdb
@/99999ʎY/Batch/F0999010/F0999010/obj/Release/F0999010.exe
@/99999ʎY/Plum/PlumBatch/Release/F0999010.exe
----------------------------------------------------


12217šʎY
@ʎYȂ


14100lšʎY
@ʎYȂ


14201{šʎY
@ʎYȂ


18201šʎY
@ʎYȂ


27215QšʎY
@ʎYȂ


28000Ɍ̌ʎY
@ʎYȂ


28100_ˎšʎY
@ʎYȂ


28203ΎšʎY
@ʎYȂ


28204{šʎY
@F0999010.cs
@F0999010.exe
@F0999010.exe
@F0999010.exe


30201a̎RšʎY
@ʎYȂ


33202q~šʎY
@ʎYȂ

----------------------------------------------------

r7214Ɋ܂܂ΏێY
@/99999ʎY/Plum/Plum/Forms/00/00/F0000150.aspx.cs
----------------------------------------------------


12217šʎY
@ʎYȂ


14100lšʎY
@ʎYȂ


14201{šʎY
@F0000150.aspx.cs


18201šʎY
@ʎYȂ


27215QšʎY
@ʎYȂ


28000Ɍ̌ʎY
@F0000150.aspx.cs


28100_ˎšʎY
@ʎYȂ


28203ΎšʎY
@ʎYȂ


28204{šʎY
@F0000150.aspx.cs


30201a̎RšʎY
@ʎYȂ


33202q~šʎY
@F0000150.aspx.cs

----------------------------------------------------

r7222Ɋ܂܂ΏێY
@/99999ʎY/Plum/Plum/Forms/02/02/F0202020.aspx.cs
----------------------------------------------------


12217šʎY
@F0202020.aspx.cs


14100lšʎY
@ʎYȂ


14201{šʎY
@F0202020.aspx.cs


18201šʎY
@ʎYȂ


27215QšʎY
@ʎYȂ


28000Ɍ̌ʎY
@F0202020.aspx.cs


28100_ˎšʎY
@ʎYȂ


28203ΎšʎY
@ʎYȂ


28204{šʎY
@ʎYȂ


30201a̎RšʎY
@ʎYȂ


33202q~šʎY
@F0202020.aspx.cs

----------------------------------------------------

r7224Ɋ܂܂ΏێY
@/99999ʎY/Plum/Plum/Forms/02/01/F0201110.aspx.cs
----------------------------------------------------


12217šʎY
@ʎYȂ


14100lšʎY
@ʎYȂ


14201{šʎY
@F0201110.aspx.cs


18201šʎY
@ʎYȂ


27215QšʎY
@ʎYȂ


28000Ɍ̌ʎY
@F0201110.aspx.cs


28100_ˎšʎY
@ʎYȂ


28203ΎšʎY
@ʎYȂ


28204{šʎY
@ʎYȂ


30201a̎RšʎY
@ʎYȂ


33202q~šʎY
@F0201110.aspx.cs

